<?xml version="1.0" encoding="UTF-8"?>
<testng-results skipped="0" failed="1" ignored="0" total="6" passed="5">
  <reporter-output>
  </reporter-output>
  <suite name="Command line suite" duration-ms="126355" started-at="2018-10-26T10:44:46Z" finished-at="2018-10-26T10:46:52Z">
    <groups>
    </groups>
    <test name="Command line test" duration-ms="126355" started-at="2018-10-26T10:44:46Z" finished-at="2018-10-26T10:46:52Z">
      <class name="com.proofhub.testcases.PasswordPageTest">
        <test-method status="PASS" signature="setUp()[pri:0, instance:com.proofhub.testcases.PasswordPageTest@15975490]" name="setUp" is-config="true" duration-ms="20780" started-at="2018-10-26T10:44:46Z" finished-at="2018-10-26T10:45:06Z">
          <reporter-output>
          </reporter-output>
        </test-method> <!-- setUp -->
        <test-method status="PASS" signature="verifyUsernameOnPasswordPageTest()[pri:1, instance:com.proofhub.testcases.PasswordPageTest@15975490]" name="verifyUsernameOnPasswordPageTest" duration-ms="318" started-at="2018-10-26T10:45:06Z" finished-at="2018-10-26T10:45:07Z">
          <reporter-output>
          </reporter-output>
        </test-method> <!-- verifyUsernameOnPasswordPageTest -->
        <test-method status="PASS" signature="tearDown()[pri:0, instance:com.proofhub.testcases.PasswordPageTest@15975490]" name="tearDown" is-config="true" duration-ms="252" started-at="2018-10-26T10:45:07Z" finished-at="2018-10-26T10:45:07Z">
          <reporter-output>
          </reporter-output>
        </test-method> <!-- tearDown -->
        <test-method status="PASS" signature="setUp()[pri:0, instance:com.proofhub.testcases.PasswordPageTest@15975490]" name="setUp" is-config="true" duration-ms="17438" started-at="2018-10-26T10:45:30Z" finished-at="2018-10-26T10:45:47Z">
          <reporter-output>
          </reporter-output>
        </test-method> <!-- setUp -->
        <test-method status="PASS" signature="enterPasswordTest()[pri:2, instance:com.proofhub.testcases.PasswordPageTest@15975490]" name="enterPasswordTest" duration-ms="555" started-at="2018-10-26T10:45:47Z" finished-at="2018-10-26T10:45:48Z">
          <reporter-output>
          </reporter-output>
        </test-method> <!-- enterPasswordTest -->
        <test-method status="PASS" signature="tearDown()[pri:0, instance:com.proofhub.testcases.PasswordPageTest@15975490]" name="tearDown" is-config="true" duration-ms="236" started-at="2018-10-26T10:45:48Z" finished-at="2018-10-26T10:45:48Z">
          <reporter-output>
          </reporter-output>
        </test-method> <!-- tearDown -->
      </class> <!-- com.proofhub.testcases.PasswordPageTest -->
      <class name="com.proofhub.testcases.UsernamePageTest">
        <test-method status="PASS" signature="setUp()[pri:0, instance:com.proofhub.testcases.UsernamePageTest@6b143ee9]" name="setUp" is-config="true" duration-ms="19140" started-at="2018-10-26T10:45:07Z" finished-at="2018-10-26T10:45:26Z">
          <reporter-output>
          </reporter-output>
        </test-method> <!-- setUp -->
        <test-method status="PASS" signature="verifyUsernamePageTitleTest()[pri:1, instance:com.proofhub.testcases.UsernamePageTest@6b143ee9]" name="verifyUsernamePageTitleTest" duration-ms="3299" started-at="2018-10-26T10:45:26Z" finished-at="2018-10-26T10:45:29Z">
          <reporter-output>
          </reporter-output>
        </test-method> <!-- verifyUsernamePageTitleTest -->
        <test-method status="PASS" signature="tearDown()[pri:0, instance:com.proofhub.testcases.UsernamePageTest@6b143ee9]" name="tearDown" is-config="true" duration-ms="162" started-at="2018-10-26T10:45:29Z" finished-at="2018-10-26T10:45:30Z">
          <reporter-output>
          </reporter-output>
        </test-method> <!-- tearDown -->
        <test-method status="PASS" signature="setUp()[pri:0, instance:com.proofhub.testcases.UsernamePageTest@6b143ee9]" name="setUp" is-config="true" duration-ms="16021" started-at="2018-10-26T10:45:48Z" finished-at="2018-10-26T10:46:04Z">
          <reporter-output>
          </reporter-output>
        </test-method> <!-- setUp -->
        <test-method status="PASS" signature="verifyCompanyName()[pri:2, instance:com.proofhub.testcases.UsernamePageTest@6b143ee9]" name="verifyCompanyName" duration-ms="3505" started-at="2018-10-26T10:46:04Z" finished-at="2018-10-26T10:46:07Z">
          <reporter-output>
          </reporter-output>
        </test-method> <!-- verifyCompanyName -->
        <test-method status="PASS" signature="tearDown()[pri:0, instance:com.proofhub.testcases.UsernamePageTest@6b143ee9]" name="tearDown" is-config="true" duration-ms="197" started-at="2018-10-26T10:46:07Z" finished-at="2018-10-26T10:46:08Z">
          <reporter-output>
          </reporter-output>
        </test-method> <!-- tearDown -->
        <test-method status="PASS" signature="setUp()[pri:0, instance:com.proofhub.testcases.UsernamePageTest@6b143ee9]" name="setUp" is-config="true" duration-ms="15577" started-at="2018-10-26T10:46:08Z" finished-at="2018-10-26T10:46:23Z">
          <reporter-output>
          </reporter-output>
        </test-method> <!-- setUp -->
        <test-method status="FAIL" signature="clickHelpLinkTest()[pri:3, instance:com.proofhub.testcases.UsernamePageTest@6b143ee9]" name="clickHelpLinkTest" duration-ms="7541" started-at="2018-10-26T10:46:23Z" finished-at="2018-10-26T10:46:31Z">
          <exception class="java.lang.AssertionError">
            <message>
              <![CDATA[Title of help link is not correct expected [Login - ProofHub Help] but found [Login - ProofHub HelpProofHub Help]]]>
            </message>
            <full-stacktrace>
              <![CDATA[java.lang.AssertionError: Title of help link is not correct expected [Login - ProofHub Help] but found [Login - ProofHub HelpProofHub Help]
at org.testng.Assert.fail(Assert.java:96)
at org.testng.Assert.failNotEquals(Assert.java:776)
at org.testng.Assert.assertEqualsImpl(Assert.java:137)
at org.testng.Assert.assertEquals(Assert.java:118)
at org.testng.Assert.assertEquals(Assert.java:453)
at com.proofhub.testcases.UsernamePageTest.clickHelpLinkTest(UsernamePageTest.java:44)
at sun.reflect.NativeMethodAccessorImpl.invoke0(Native Method)
at sun.reflect.NativeMethodAccessorImpl.invoke(NativeMethodAccessorImpl.java:62)
at sun.reflect.DelegatingMethodAccessorImpl.invoke(DelegatingMethodAccessorImpl.java:43)
at java.lang.reflect.Method.invoke(Method.java:498)
at org.testng.internal.MethodInvocationHelper.invokeMethod(MethodInvocationHelper.java:124)
at org.testng.internal.Invoker.invokeMethod(Invoker.java:583)
at org.testng.internal.Invoker.invokeTestMethod(Invoker.java:719)
at org.testng.internal.Invoker.invokeTestMethods(Invoker.java:989)
at org.testng.internal.TestMethodWorker.invokeTestMethods(TestMethodWorker.java:125)
at org.testng.internal.TestMethodWorker.run(TestMethodWorker.java:109)
at org.testng.TestRunner.privateRun(TestRunner.java:648)
at org.testng.TestRunner.run(TestRunner.java:505)
at org.testng.SuiteRunner.runTest(SuiteRunner.java:455)
at org.testng.SuiteRunner.runSequentially(SuiteRunner.java:450)
at org.testng.SuiteRunner.privateRun(SuiteRunner.java:415)
at org.testng.SuiteRunner.run(SuiteRunner.java:364)
at org.testng.SuiteRunnerWorker.runSuite(SuiteRunnerWorker.java:52)
at org.testng.SuiteRunnerWorker.run(SuiteRunnerWorker.java:84)
at org.testng.TestNG.runSuitesSequentially(TestNG.java:1208)
at org.testng.TestNG.runSuitesLocally(TestNG.java:1137)
at org.testng.TestNG.runSuites(TestNG.java:1049)
at org.testng.TestNG.run(TestNG.java:1017)
at org.apache.maven.surefire.testng.TestNGExecutor.run(TestNGExecutor.java:77)
at org.apache.maven.surefire.testng.TestNGDirectoryTestSuite.executeMulti(TestNGDirectoryTestSuite.java:159)
at org.apache.maven.surefire.testng.TestNGDirectoryTestSuite.execute(TestNGDirectoryTestSuite.java:99)
at org.apache.maven.surefire.testng.TestNGProvider.invoke(TestNGProvider.java:106)
at sun.reflect.NativeMethodAccessorImpl.invoke0(Native Method)
at sun.reflect.NativeMethodAccessorImpl.invoke(NativeMethodAccessorImpl.java:62)
at sun.reflect.DelegatingMethodAccessorImpl.invoke(DelegatingMethodAccessorImpl.java:43)
at java.lang.reflect.Method.invoke(Method.java:498)
at org.apache.maven.surefire.util.ReflectionUtils.invokeMethodWithArray(ReflectionUtils.java:189)
at org.apache.maven.surefire.booter.ProviderFactory$ProviderProxy.invoke(ProviderFactory.java:165)
at org.apache.maven.surefire.booter.ProviderFactory.invokeProvider(ProviderFactory.java:85)
at org.apache.maven.surefire.booter.ForkedBooter.runSuitesInProcess(ForkedBooter.java:115)
at org.apache.maven.surefire.booter.ForkedBooter.main(ForkedBooter.java:75)
]]>
            </full-stacktrace>
          </exception> <!-- java.lang.AssertionError -->
          <reporter-output>
          </reporter-output>
        </test-method> <!-- clickHelpLinkTest -->
        <test-method status="PASS" signature="tearDown()[pri:0, instance:com.proofhub.testcases.UsernamePageTest@6b143ee9]" name="tearDown" is-config="true" duration-ms="628" started-at="2018-10-26T10:46:31Z" finished-at="2018-10-26T10:46:31Z">
          <reporter-output>
          </reporter-output>
        </test-method> <!-- tearDown -->
        <test-method status="PASS" signature="setUp()[pri:0, instance:com.proofhub.testcases.UsernamePageTest@6b143ee9]" name="setUp" is-config="true" duration-ms="16560" started-at="2018-10-26T10:46:31Z" finished-at="2018-10-26T10:46:48Z">
          <reporter-output>
          </reporter-output>
        </test-method> <!-- setUp -->
        <test-method status="PASS" signature="enterEmailTest()[pri:4, instance:com.proofhub.testcases.UsernamePageTest@6b143ee9]" name="enterEmailTest" duration-ms="3813" started-at="2018-10-26T10:46:48Z" finished-at="2018-10-26T10:46:52Z">
          <reporter-output>
          </reporter-output>
        </test-method> <!-- enterEmailTest -->
        <test-method status="PASS" signature="tearDown()[pri:0, instance:com.proofhub.testcases.UsernamePageTest@6b143ee9]" name="tearDown" is-config="true" duration-ms="267" started-at="2018-10-26T10:46:52Z" finished-at="2018-10-26T10:46:52Z">
          <reporter-output>
          </reporter-output>
        </test-method> <!-- tearDown -->
      </class> <!-- com.proofhub.testcases.UsernamePageTest -->
    </test> <!-- Command line test -->
  </suite> <!-- Command line suite -->
</testng-results>
